Flow report for had
Tue Oct 11 18:07:14 2011
Quartus II Version 9.1 Build 350 03/24/2010 Service Pack 2 SJ Web Edition


---------------------
; Table of Contents ;
---------------------
  1. Legal Notice
  2. Flow Summary
  3. Flow Settings
  4. Flow Non-Default Global Settings
  5. Flow Elapsed Time
  6. Flow OS Summary
  7. Flow Log



----------------
; Legal Notice ;
----------------
Copyright (C) 1991-2010 Altera Corporation
Your use of Altera Corporation's design tools, logic functions 
and other software and tools, and its AMPP partner logic 
functions, and any output files from any of the foregoing 
(including device programming or simulation files), and any 
associated documentation or information are expressly subject 
to the terms and conditions of the Altera Program License 
Subscription Agreement, Altera MegaCore Function License 
Agreement, or other applicable license agreement, including, 
without limitation, that your use is for the sole purpose of 
programming logic devices manufactured by Altera and sold by 
Altera or its authorized distributors.  Please refer to the 
applicable agreement for further details.



+-----------------------------------------------------------------------------------+
; Flow Summary                                                                      ;
+------------------------------------+----------------------------------------------+
; Flow Status                        ; Successful - Tue Oct 11 18:07:14 2011        ;
; Quartus II Version                 ; 9.1 Build 350 03/24/2010 SP 2 SJ Web Edition ;
; Revision Name                      ; had                                          ;
; Top-level Entity Name              ; delic_casu                                   ;
; Family                             ; Cyclone II                                   ;
; Device                             ; EP2C35F672C6                                 ;
; Timing Models                      ; Final                                        ;
; Met timing requirements            ; Yes                                          ;
; Total logic elements               ; 5 / 33,216 ( < 1 % )                         ;
;     Total combinational functions  ; 5 / 33,216 ( < 1 % )                         ;
;     Dedicated logic registers      ; 5 / 33,216 ( < 1 % )                         ;
; Total registers                    ; 5                                            ;
; Total pins                         ; 2 / 475 ( < 1 % )                            ;
; Total virtual pins                 ; 0                                            ;
; Total memory bits                  ; 0 / 483,840 ( 0 % )                          ;
; Embedded Multiplier 9-bit elements ; 0 / 70 ( 0 % )                               ;
; Total PLLs                         ; 0 / 4 ( 0 % )                                ;
+------------------------------------+----------------------------------------------+


+-----------------------------------------+
; Flow Settings                           ;
+-------------------+---------------------+
; Option            ; Setting             ;
+-------------------+---------------------+
; Start date & time ; 10/11/2011 18:06:07 ;
; Main task         ; Compilation         ;
; Revision Name     ; had                 ;
+-------------------+---------------------+


+--------------------------------------------------------------------------------------------------------+
; Flow Non-Default Global Settings                                                                       ;
+-------------------------------------+-----------------------+---------------+-------------+------------+
; Assignment Name                     ; Value                 ; Default Value ; Entity Name ; Section Id ;
+-------------------------------------+-----------------------+---------------+-------------+------------+
; COMPILER_SIGNATURE_ID               ; 0.131834916601288     ; --            ; --          ; --         ;
; MAX_CORE_JUNCTION_TEMP              ; 85                    ; --            ; --          ; --         ;
; MIN_CORE_JUNCTION_TEMP              ; 0                     ; --            ; --          ; --         ;
; MISC_FILE                           ; F:/SPS/had/had.dpf    ; --            ; --          ; --         ;
; PARTITION_COLOR                     ; 16764057              ; --            ; delic_casu  ; Top        ;
; PARTITION_FITTER_PRESERVATION_LEVEL ; PLACEMENT_AND_ROUTING ; --            ; delic_casu  ; Top        ;
; PARTITION_NETLIST_TYPE              ; SOURCE                ; --            ; delic_casu  ; Top        ;
; TOP_LEVEL_ENTITY                    ; delic_casu            ; had           ; --          ; --         ;
+-------------------------------------+-----------------------+---------------+-------------+------------+


+-----------------------------------------------------------------------------------------------------------------------------+
; Flow Elapsed Time                                                                                                           ;
+-------------------------+--------------+-------------------------+---------------------+------------------------------------+
; Module Name             ; Elapsed Time ; Average Processors Used ; Peak Virtual Memory ; Total CPU Time (on all processors) ;
+-------------------------+--------------+-------------------------+---------------------+------------------------------------+
; Analysis & Synthesis    ; 00:00:07     ; 1.0                     ; 164 MB              ; 00:00:04                           ;
; Fitter                  ; 00:00:17     ; 1.0                     ; 228 MB              ; 00:00:11                           ;
; Assembler               ; 00:00:10     ; 1.0                     ; 213 MB              ; 00:00:06                           ;
; Classic Timing Analyzer ; 00:00:07     ; 1.0                     ; 117 MB              ; 00:00:05                           ;
; Total                   ; 00:00:41     ; --                      ; --                  ; 00:00:26                           ;
+-------------------------+--------------+-------------------------+---------------------+------------------------------------+


+---------------------------------------------------------------------------------------+
; Flow OS Summary                                                                       ;
+-------------------------+------------------+------------+------------+----------------+
; Module Name             ; Machine Hostname ; OS Name    ; OS Version ; Processor type ;
+-------------------------+------------------+------------+------------+----------------+
; Analysis & Synthesis    ; petr-macbook-w   ; Windows XP ; 5.1        ; i686           ;
; Fitter                  ; petr-macbook-w   ; Windows XP ; 5.1        ; i686           ;
; Assembler               ; petr-macbook-w   ; Windows XP ; 5.1        ; i686           ;
; Classic Timing Analyzer ; petr-macbook-w   ; Windows XP ; 5.1        ; i686           ;
+-------------------------+------------------+------------+------------+----------------+


------------
; Flow Log ;
------------
quartus_map --read_settings_files=on --write_settings_files=off had -c had
quartus_fit --read_settings_files=off --write_settings_files=off had -c had
quartus_asm --read_settings_files=off --write_settings_files=off had -c had
quartus_tan --read_settings_files=off --write_settings_files=off had -c had --timing_analysis_only



