Classic Timing Analyzer report for muj_pokus
Fri Oct 14 11:21:34 2011
Quartus II Version 9.1 Build 350 03/24/2010 Service Pack 2 SJ Web Edition


---------------------
; Table of Contents ;
---------------------
  1. Legal Notice
  2. Timing Analyzer Summary
  3. Timing Analyzer Settings
  4. tpd
  5. Timing Analyzer Messages



----------------
; Legal Notice ;
----------------
Copyright (C) 1991-2010 Altera Corporation
Your use of Altera Corporation's design tools, logic functions 
and other software and tools, and its AMPP partner logic 
functions, and any output files from any of the foregoing 
(including device programming or simulation files), and any 
associated documentation or information are expressly subject 
to the terms and conditions of the Altera Program License 
Subscription Agreement, Altera MegaCore Function License 
Agreement, or other applicable license agreement, including, 
without limitation, that your use is for the sole purpose of 
programming logic devices manufactured by Altera and sold by 
Altera or its authorized distributors.  Please refer to the 
applicable agreement for further details.



+-----------------------------------------------------------------------------------------------------------------------------+
; Timing Analyzer Summary                                                                                                     ;
+------------------------------+-------+---------------+-------------+-------+---------+------------+----------+--------------+
; Type                         ; Slack ; Required Time ; Actual Time ; From  ; To      ; From Clock ; To Clock ; Failed Paths ;
+------------------------------+-------+---------------+-------------+-------+---------+------------+----------+--------------+
; Worst-case tpd               ; N/A   ; None          ; 6.482 ns    ; SW[1] ; LEDR[0] ; --         ; --       ; 0            ;
; Total number of failed paths ;       ;               ;             ;       ;         ;            ;          ; 0            ;
+------------------------------+-------+---------------+-------------+-------+---------+------------+----------+--------------+


+-----------------------------------------------------------------------------------------------------------------------------------------------------+
; Timing Analyzer Settings                                                                                                                            ;
+------------------------------------------------------------------------------------------------------+--------------------+------+----+-------------+
; Option                                                                                               ; Setting            ; From ; To ; Entity Name ;
+------------------------------------------------------------------------------------------------------+--------------------+------+----+-------------+
; Device Name                                                                                          ; EP2C35F672C6       ;      ;    ;             ;
; Timing Models                                                                                        ; Final              ;      ;    ;             ;
; Default hold multicycle                                                                              ; Same as Multicycle ;      ;    ;             ;
; Cut paths between unrelated clock domains                                                            ; On                 ;      ;    ;             ;
; Cut off read during write signal paths                                                               ; On                 ;      ;    ;             ;
; Cut off feedback from I/O pins                                                                       ; On                 ;      ;    ;             ;
; Report Combined Fast/Slow Timing                                                                     ; Off                ;      ;    ;             ;
; Ignore Clock Settings                                                                                ; Off                ;      ;    ;             ;
; Analyze latches as synchronous elements                                                              ; On                 ;      ;    ;             ;
; Enable Recovery/Removal analysis                                                                     ; Off                ;      ;    ;             ;
; Enable Clock Latency                                                                                 ; Off                ;      ;    ;             ;
; Use TimeQuest Timing Analyzer                                                                        ; Off                ;      ;    ;             ;
; Minimum Core Junction Temperature                                                                    ; 0                  ;      ;    ;             ;
; Maximum Core Junction Temperature                                                                    ; 85                 ;      ;    ;             ;
; Number of source nodes to report per destination node                                                ; 10                 ;      ;    ;             ;
; Number of destination nodes to report                                                                ; 10                 ;      ;    ;             ;
; Number of paths to report                                                                            ; 200                ;      ;    ;             ;
; Report Minimum Timing Checks                                                                         ; Off                ;      ;    ;             ;
; Use Fast Timing Models                                                                               ; Off                ;      ;    ;             ;
; Report IO Paths Separately                                                                           ; Off                ;      ;    ;             ;
; Perform Multicorner Analysis                                                                         ; On                 ;      ;    ;             ;
; Reports the worst-case path for each clock domain and analysis                                       ; Off                ;      ;    ;             ;
; Reports worst-case timing paths for each clock domain and analysis                                   ; On                 ;      ;    ;             ;
; Specifies the maximum number of worst-case timing paths to report for each clock domain and analysis ; 100                ;      ;    ;             ;
; Removes common clock path pessimism (CCPP) during slack computation                                  ; Off                ;      ;    ;             ;
; Output I/O Timing Endpoint                                                                           ; Near End           ;      ;    ;             ;
+------------------------------------------------------------------------------------------------------+--------------------+------+----+-------------+


+---------------------------------------------------------------+
; tpd                                                           ;
+-------+-------------------+-----------------+-------+---------+
; Slack ; Required P2P Time ; Actual P2P Time ; From  ; To      ;
+-------+-------------------+-----------------+-------+---------+
; N/A   ; None              ; 6.482 ns        ; SW[1] ; LEDR[0] ;
; N/A   ; None              ; 6.396 ns        ; SW[4] ; LEDR[1] ;
; N/A   ; None              ; 6.332 ns        ; SW[0] ; LEDR[0] ;
; N/A   ; None              ; 6.222 ns        ; SW[3] ; LEDR[1] ;
; N/A   ; None              ; 6.202 ns        ; SW[2] ; LEDR[0] ;
; N/A   ; None              ; 6.103 ns        ; SW[5] ; LEDR[1] ;
+-------+-------------------+-----------------+-------+---------+


+--------------------------+
; Timing Analyzer Messages ;
+--------------------------+
Info: *******************************************************************
Info: Running Quartus II Classic Timing Analyzer
    Info: Version 9.1 Build 350 03/24/2010 Service Pack 2 SJ Web Edition
    Info: Processing started: Fri Oct 14 11:21:32 2011
Info: Command: quartus_tan --read_settings_files=off --write_settings_files=off muj_pokus -c muj_pokus --timing_analysis_only
Info: Longest tpd from source pin "SW[1]" to destination pin "LEDR[0]" is 6.482 ns
    Info: 1: + IC(0.000 ns) + CELL(0.999 ns) = 0.999 ns; Loc. = PIN_N26; Fanout = 1; PIN Node = 'SW[1]'
    Info: 2: + IC(0.366 ns) + CELL(0.413 ns) = 1.778 ns; Loc. = LCCOMB_X64_Y19_N0; Fanout = 1; COMB Node = 'inst1~0'
    Info: 3: + IC(1.886 ns) + CELL(2.818 ns) = 6.482 ns; Loc. = PIN_AE23; Fanout = 0; PIN Node = 'LEDR[0]'
    Info: Total cell delay = 4.230 ns ( 65.26 % )
    Info: Total interconnect delay = 2.252 ns ( 34.74 % )
Info: Quartus II Classic Timing Analyzer was successful. 0 errors, 0 warnings
    Info: Peak virtual memory: 132 megabytes
    Info: Processing ended: Fri Oct 14 11:21:35 2011
    Info: Elapsed time: 00:00:03
    Info: Total CPU time (on all processors): 00:00:02


