Flow report for muj_pokus
Tue Sep 27 17:39:20 2011
Quartus II Version 9.1 Build 350 03/24/2010 Service Pack 2 SJ Full Version


---------------------
; Table of Contents ;
---------------------
  1. Legal Notice
  2. Flow Summary
  3. Flow Settings
  4. Flow Non-Default Global Settings
  5. Flow Elapsed Time
  6. Flow OS Summary
  7. Flow Log



----------------
; Legal Notice ;
----------------
Copyright (C) 1991-2010 Altera Corporation
Your use of Altera Corporation's design tools, logic functions 
and other software and tools, and its AMPP partner logic 
functions, and any output files from any of the foregoing 
(including device programming or simulation files), and any 
associated documentation or information are expressly subject 
to the terms and conditions of the Altera Program License 
Subscription Agreement, Altera MegaCore Function License 
Agreement, or other applicable license agreement, including, 
without limitation, that your use is for the sole purpose of 
programming logic devices manufactured by Altera and sold by 
Altera or its authorized distributors.  Please refer to the 
applicable agreement for further details.



+------------------------------------------------------------------------------------+
; Flow Summary                                                                       ;
+------------------------------------+-----------------------------------------------+
; Flow Status                        ; Successful - Tue Sep 27 17:39:19 2011         ;
; Quartus II Version                 ; 9.1 Build 350 03/24/2010 SP 2 SJ Full Version ;
; Revision Name                      ; muj_pokus                                     ;
; Top-level Entity Name              ; hex                                           ;
; Family                             ; Cyclone II                                    ;
; Device                             ; EP2C35F672C6                                  ;
; Timing Models                      ; Final                                         ;
; Met timing requirements            ; Yes                                           ;
; Total logic elements               ; 0 / 33,216 ( 0 % )                            ;
;     Total combinational functions  ; 0 / 33,216 ( 0 % )                            ;
;     Dedicated logic registers      ; 0 / 33,216 ( 0 % )                            ;
; Total registers                    ; 0                                             ;
; Total pins                         ; 11 / 475 ( 2 % )                              ;
; Total virtual pins                 ; 0                                             ;
; Total memory bits                  ; 0 / 483,840 ( 0 % )                           ;
; Embedded Multiplier 9-bit elements ; 0 / 70 ( 0 % )                                ;
; Total PLLs                         ; 0 / 4 ( 0 % )                                 ;
+------------------------------------+-----------------------------------------------+


+-----------------------------------------+
; Flow Settings                           ;
+-------------------+---------------------+
; Option            ; Setting             ;
+-------------------+---------------------+
; Start date & time ; 09/27/2011 17:38:39 ;
; Main task         ; Compilation         ;
; Revision Name     ; muj_pokus           ;
+-------------------+---------------------+


+------------------------------------------------------------------------------------------------------------------------------------------------------------------+
; Flow Non-Default Global Settings                                                                                                                                 ;
+------------------------------------+------------------------------------------------------------------------------+---------------+-------------+----------------+
; Assignment Name                    ; Value                                                                        ; Default Value ; Entity Name ; Section Id     ;
+------------------------------------+------------------------------------------------------------------------------+---------------+-------------+----------------+
; COMPILER_SIGNATURE_ID              ; 123489877053.131713791904136                                                 ; --            ; --          ; --             ;
; MAX_CORE_JUNCTION_TEMP             ; 85                                                                           ; --            ; --          ; --             ;
; MIN_CORE_JUNCTION_TEMP             ; 0                                                                            ; --            ; --          ; --             ;
; MISC_FILE                          ; C:/users/petr/Dokumenty/Documents/ÈVUT/zima 2011/SPS/muj_pokus/muj_pokus.dpf ; --            ; --          ; --             ;
; MISC_FILE                          ; D:/muj_pokus/muj_pokus.dpf                                                   ; --            ; --          ; --             ;
; PARTITION_COLOR                    ; 16764057                                                                     ; --            ; hex         ; Top            ;
; PARTITION_NETLIST_TYPE             ; SOURCE                                                                       ; --            ; hex         ; Top            ;
; TOP_LEVEL_ENTITY                   ; hex                                                                          ; muj_pokus     ; --          ; --             ;
; USE_GENERATED_PHYSICAL_CONSTRAINTS ; Off                                                                          ; --            ; --          ; eda_blast_fpga ;
+------------------------------------+------------------------------------------------------------------------------+---------------+-------------+----------------+


+-----------------------------------------------------------------------------------------------------------------------------+
; Flow Elapsed Time                                                                                                           ;
+-------------------------+--------------+-------------------------+---------------------+------------------------------------+
; Module Name             ; Elapsed Time ; Average Processors Used ; Peak Virtual Memory ; Total CPU Time (on all processors) ;
+-------------------------+--------------+-------------------------+---------------------+------------------------------------+
; Analysis & Synthesis    ; 00:00:04     ; 1.0                     ; 172 MB              ; 00:00:01                           ;
; Fitter                  ; 00:00:14     ; 2.5                     ; 258 MB              ; 00:00:09                           ;
; Assembler               ; 00:00:15     ; 1.0                     ; 221 MB              ; 00:00:03                           ;
; Classic Timing Analyzer ; 00:00:01     ; 1.0                     ; 126 MB              ; 00:00:00                           ;
; Total                   ; 00:00:34     ; --                      ; --                  ; 00:00:13                           ;
+-------------------------+--------------+-------------------------+---------------------+------------------------------------+


+---------------------------------------------------------------------------------------+
; Flow OS Summary                                                                       ;
+-------------------------+------------------+------------+------------+----------------+
; Module Name             ; Machine Hostname ; OS Name    ; OS Version ; Processor type ;
+-------------------------+------------------+------------+------------+----------------+
; Analysis & Synthesis    ; DCEs109p07A      ; Windows XP ; 5.1        ; i686           ;
; Fitter                  ; DCEs109p07A      ; Windows XP ; 5.1        ; i686           ;
; Assembler               ; DCEs109p07A      ; Windows XP ; 5.1        ; i686           ;
; Classic Timing Analyzer ; DCEs109p07A      ; Windows XP ; 5.1        ; i686           ;
+-------------------------+------------------+------------+------------+----------------+


------------
; Flow Log ;
------------
quartus_map --read_settings_files=on --write_settings_files=off muj_pokus -c muj_pokus
quartus_fit --read_settings_files=off --write_settings_files=off muj_pokus -c muj_pokus
quartus_asm --read_settings_files=off --write_settings_files=off muj_pokus -c muj_pokus
quartus_tan --read_settings_files=off --write_settings_files=off muj_pokus -c muj_pokus --timing_analysis_only



